# JRE version: OpenJDK Runtime Environment (8.0_76-b03) (build 1.8.0_76-release-b03)
# Java VM: OpenJDK 64-Bit Server VM (25.76-b03 mixed mode windows-amd64 compressed oops)
Heap:
 PSYoungGen      total 428032K, used 136803K [0x00000000e0000000, 0x00000000fdc80000, 0x0000000100000000)
  eden space 369152K, 37% used [0x00000000e0000000,0x00000000e8598d00,0x00000000f6880000)
  from space 58880K, 0% used [0x00000000fa300000,0x00000000fa300000,0x00000000fdc80000)
  to   space 59392K, 0% used [0x00000000f6880000,0x00000000f6880000,0x00000000fa280000)
 ParOldGen       total 152576K, used 69921K [0x00000000a0000000, 0x00000000a9500000, 0x00000000e0000000)
  object space 152576K, 45% used [0x00000000a0000000,0x00000000a4448418,0x00000000a9500000)
 Metaspace       used 73638K, capacity 76946K, committed 79744K, reserved 1118208K
  class space    used 9121K, capacity 9737K, committed 10368K, reserved 1048576K
GC Heap History (10 events):
Event: 4659.544 GC heap before
{Heap before GC invocations=26 (full 7):
 PSYoungGen      total 448000K, used 447664K [0x00000000e0000000, 0x00000000ff600000, 0x0000000100000000)
  eden space 420352K, 100% used [0x00000000e0000000,0x00000000f9a80000,0x00000000f9a80000)
  from space 27648K, 98% used [0x00000000fdb00000,0x00000000ff5ac030,0x00000000ff600000)
  to   space 39424K, 0% used [0x00000000fa900000,0x00000000fa900000,0x00000000fcf80000)
 ParOldGen       total 152576K, used 39883K [0x00000000a0000000, 0x00000000a9500000, 0x00000000e0000000)
  object space 152576K, 26% used [0x00000000a0000000,0x00000000a26f2fc0,0x00000000a9500000)
 Metaspace       used 71903K, capacity 74768K, committed 77824K, reserved 1116160K
  class space    used 9001K, capacity 9486K, committed 10240K, reserved 1048576K
Event: 4659.618 GC heap after
Heap after GC invocations=26 (full 7):
 PSYoungGen      total 441856K, used 39423K [0x00000000e0000000, 0x00000000fe300000, 0x0000000100000000)
  eden space 402432K, 0% used [0x00000000e0000000,0x00000000e0000000,0x00000000f8900000)
  from space 39424K, 99% used [0x00000000fa900000,0x00000000fcf7ffc0,0x00000000fcf80000)
  to   space 19968K, 0% used [0x00000000fcf80000,0x00000000fcf80000,0x00000000fe300000)
 ParOldGen       total 152576K, used 42305K [0x00000000a0000000, 0x00000000a9500000, 0x00000000e0000000)
  object space 152576K, 27% used [0x00000000a0000000,0x00000000a2950428,0x00000000a9500000)
 Metaspace       used 71903K, capacity 74768K, committed 77824K, reserved 1116160K
  class space    used 9001K, capacity 9486K, committed 10240K, reserved 1048576K
}
Event: 4697.869 GC heap before
{Heap before GC invocations=27 (full 7):
 PSYoungGen      total 441856K, used 441855K [0x00000000e0000000, 0x00000000fe300000, 0x0000000100000000)
  eden space 402432K, 100% used [0x00000000e0000000,0x00000000f8900000,0x00000000f8900000)
  from space 39424K, 99% used [0x00000000fa900000,0x00000000fcf7ffc0,0x00000000fcf80000)
  to   space 19968K, 0% used [0x00000000fcf80000,0x00000000fcf80000,0x00000000fe300000)
 ParOldGen       total 152576K, used 42305K [0x00000000a0000000, 0x00000000a9500000, 0x00000000e0000000)
  object space 152576K, 27% used [0x00000000a0000000,0x00000000a2950428,0x00000000a9500000)
 Metaspace       used 72389K, capacity 75282K, committed 78080K, reserved 1118208K
  class space    used 9015K, capacity 9497K, committed 10240K, reserved 1048576K
Event: 4697.943 GC heap after
Heap after GC invocations=27 (full 7):
 PSYoungGen      total 405504K, used 19953K [0x00000000e0000000, 0x00000000fea80000, 0x0000000100000000)
  eden space 385536K, 0% used [0x00000000e0000000,0x00000000e0000000,0x00000000f7880000)
  from space 19968K, 99% used [0x00000000fcf80000,0x00000000fe2fc630,0x00000000fe300000)
  to   space 58368K, 0% used [0x00000000f7880000,0x00000000f7880000,0x00000000fb180000)
 ParOldGen       total 152576K, used 82556K [0x00000000a0000000, 0x00000000a9500000, 0x00000000e0000000)
  object space 152576K, 54% used [0x00000000a0000000,0x00000000a509f3a0,0x00000000a9500000)
 Metaspace       used 72389K, capacity 75282K, committed 78080K, reserved 1118208K
  class space    used 9015K, capacity 9497K, committed 10240K, reserved 1048576K
}
Event: 4786.223 GC heap before
{Heap before GC invocations=28 (full 7):
 PSYoungGen      total 405504K, used 405489K [0x00000000e0000000, 0x00000000fea80000, 0x0000000100000000)
  eden space 385536K, 100% used [0x00000000e0000000,0x00000000f7880000,0x00000000f7880000)
  from space 19968K, 99% used [0x00000000fcf80000,0x00000000fe2fc630,0x00000000fe300000)
  to   space 58368K, 0% used [0x00000000f7880000,0x00000000f7880000,0x00000000fb180000)
 ParOldGen       total 152576K, used 82556K [0x00000000a0000000, 0x00000000a9500000, 0x00000000e0000000)
  object space 152576K, 54% used [0x00000000a0000000,0x00000000a509f3a0,0x00000000a9500000)
 Metaspace       used 73249K, capacity 76222K, committed 79104K, reserved 1118208K
  class space    used 9056K, capacity 9595K, committed 10240K, reserved 1048576K
Event: 4786.299 GC heap after
Heap after GC invocations=28 (full 7):
 PSYoungGen      total 406528K, used 36961K [0x00000000e0000000, 0x00000000fdd80000, 0x0000000100000000)
  eden space 369152K, 0% used [0x00000000e0000000,0x00000000e0000000,0x00000000f6880000)
  from space 37376K, 98% used [0x00000000f7880000,0x00000000f9c98670,0x00000000f9d00000)
  to   space 59904K, 0% used [0x00000000fa300000,0x00000000fa300000,0x00000000fdd80000)
 ParOldGen       total 152576K, used 82564K [0x00000000a0000000, 0x00000000a9500000, 0x00000000e0000000)
  object space 152576K, 54% used [0x00000000a0000000,0x00000000a50a13a0,0x00000000a9500000)
 Metaspace       used 73249K, capacity 76222K, committed 79104K, reserved 1118208K
  class space    used 9056K, capacity 9595K, committed 10240K, reserved 1048576K
}
Event: 4807.391 GC heap before
{Heap before GC invocations=29 (full 7):
 PSYoungGen      total 406528K, used 276816K [0x00000000e0000000, 0x00000000fdd80000, 0x0000000100000000)
  eden space 369152K, 64% used [0x00000000e0000000,0x00000000eea3bd60,0x00000000f6880000)
  from space 37376K, 98% used [0x00000000f7880000,0x00000000f9c98670,0x00000000f9d00000)
  to   space 59904K, 0% used [0x00000000fa300000,0x00000000fa300000,0x00000000fdd80000)
 ParOldGen       total 152576K, used 82564K [0x00000000a0000000, 0x00000000a9500000, 0x00000000e0000000)
  object space 152576K, 54% used [0x00000000a0000000,0x00000000a50a13a0,0x00000000a9500000)
 Metaspace       used 73376K, capacity 76478K, committed 79104K, reserved 1118208K
  class space    used 9074K, capacity 9627K, committed 10240K, reserved 1048576K
Event: 4807.467 GC heap after
Heap after GC invocations=29 (full 7):
 PSYoungGen      total 428032K, used 33969K [0x00000000e0000000, 0x00000000fdc80000, 0x0000000100000000)
  eden space 369152K, 0% used [0x00000000e0000000,0x00000000e0000000,0x00000000f6880000)
  from space 58880K, 57% used [0x00000000fa300000,0x00000000fc42c680,0x00000000fdc80000)
  to   space 59392K, 0% used [0x00000000f6880000,0x00000000f6880000,0x00000000fa280000)
 ParOldGen       total 152576K, used 82572K [0x00000000a0000000, 0x00000000a9500000, 0x00000000e0000000)
  object space 152576K, 54% used [0x00000000a0000000,0x00000000a50a33a0,0x00000000a9500000)
 Metaspace       used 73376K, capacity 76478K, committed 79104K, reserved 1118208K
  class space    used 9074K, capacity 9627K, committed 10240K, reserved 1048576K
}
Event: 4807.467 GC heap before
{Heap before GC invocations=30 (full 8):
 PSYoungGen      total 428032K, used 33969K [0x00000000e0000000, 0x00000000fdc80000, 0x0000000100000000)
  eden space 369152K, 0% used [0x00000000e0000000,0x00000000e0000000,0x00000000f6880000)
  from space 58880K, 57% used [0x00000000fa300000,0x00000000fc42c680,0x00000000fdc80000)
  to   space 59392K, 0% used [0x00000000f6880000,0x00000000f6880000,0x00000000fa280000)
 ParOldGen       total 152576K, used 82572K [0x00000000a0000000, 0x00000000a9500000, 0x00000000e0000000)
  object space 152576K, 54% used [0x00000000a0000000,0x00000000a50a33a0,0x00000000a9500000)
 Metaspace       used 73376K, capacity 76478K, committed 79104K, reserved 1118208K
  class space    used 9074K, capacity 9627K, committed 10240K, reserved 1048576K
Event: 4808.296 GC heap after
Heap after GC invocations=30 (full 8):
 PSYoungGen      total 428032K, used 0K [0x00000000e0000000, 0x00000000fdc80000, 0x0000000100000000)
  eden space 369152K, 0% used [0x00000000e0000000,0x00000000e0000000,0x00000000f6880000)
  from space 58880K, 0% used [0x00000000fa300000,0x00000000fa300000,0x00000000fdc80000)
  to   space 59392K, 0% used [0x00000000f6880000,0x00000000f6880000,0x00000000fa280000)
 ParOldGen       total 152576K, used 69921K [0x00000000a0000000, 0x00000000a9500000, 0x00000000e0000000)
  object space 152576K, 45% used [0x00000000a0000000,0x00000000a4448418,0x00000000a9500000)
 Metaspace       used 73108K, capacity 75974K, committed 79104K, reserved 1118208K
  class space    used 9029K, capacity 9543K, committed 10240K, reserved 1048576K
}

